[CACHE - ALLOWED][12:06:44 Europe/Madrid] Called function staticData()
https://global.api.pvp.net/api/lol/static-data/euw/v1.2/versions?locale=en_US&api_key=RGAPI-dc16f089-0a84-4372-b258-378924b79112

[CACHE - ALLOWED][12:06:44 Europe/Madrid] Called function championFreeToPlay()
https://euw.api.pvp.net/api/lol/euw/v1.2/champion?freeToPlay=true&api_key=RGAPI-dc16f089-0a84-4372-b258-378924b79112

[CACHE - ALLOWED][12:06:45 Europe/Madrid] Called function staticData()
https://global.api.pvp.net/api/lol/static-data/euw/v1.2/versions?locale=en_US&api_key=RGAPI-dc16f089-0a84-4372-b258-378924b79112

[CACHE - ALLOWED][12:06:45 Europe/Madrid] Called function championFreeToPlay()
https://euw.api.pvp.net/api/lol/euw/v1.2/champion?freeToPlay=true&api_key=RGAPI-dc16f089-0a84-4372-b258-378924b79112

[CACHE - ALLOWED][12:06:59 Europe/Madrid] Called function staticData()
https://global.api.pvp.net/api/lol/static-data/euw/v1.2/versions?locale=en_US&api_key=RGAPI-dc16f089-0a84-4372-b258-378924b79112

[CACHE - ALLOWED][12:06:59 Europe/Madrid] Called function staticData()
https://global.api.pvp.net/api/lol/static-data/euw/v1.2/versions?locale=en_US&api_key=RGAPI-dc16f089-0a84-4372-b258-378924b79112

[CACHE - ALLOWED][12:07:26 Europe/Madrid] Called function staticData()
https://global.api.pvp.net/api/lol/static-data/euw/v1.2/versions?locale=en_US&api_key=RGAPI-dc16f089-0a84-4372-b258-378924b79112

[CACHE - ALLOWED][12:07:26 Europe/Madrid] Called function staticData()
https://global.api.pvp.net/api/lol/static-data/euw/v1.2/versions?locale=en_US&api_key=RGAPI-dc16f089-0a84-4372-b258-378924b79112

[CACHE - ALLOWED][12:08:56 Europe/Madrid] Called function staticData()
https://global.api.pvp.net/api/lol/static-data/euw/v1.2/versions?locale=en_US&api_key=RGAPI-dc16f089-0a84-4372-b258-378924b79112

[CACHE - ALLOWED][12:08:56 Europe/Madrid] Called function staticData()
https://global.api.pvp.net/api/lol/static-data/euw/v1.2/versions?locale=en_US&api_key=RGAPI-dc16f089-0a84-4372-b258-378924b79112

[CACHE - ALLOWED][12:09:34 Europe/Madrid] Called function staticData()
https://global.api.pvp.net/api/lol/static-data/euw/v1.2/versions?locale=en_US&api_key=RGAPI-dc16f089-0a84-4372-b258-378924b79112

[CACHE - ALLOWED][12:09:34 Europe/Madrid] Called function staticData()
https://global.api.pvp.net/api/lol/static-data/euw/v1.2/versions?locale=en_US&api_key=RGAPI-dc16f089-0a84-4372-b258-378924b79112

[CACHE - ALLOWED][12:11:24 Europe/Madrid] Called function staticData()
https://global.api.pvp.net/api/lol/static-data/euw/v1.2/versions?locale=en_US&api_key=RGAPI-dc16f089-0a84-4372-b258-378924b79112

[CACHE - ALLOWED][12:11:24 Europe/Madrid] Called function staticData()
https://global.api.pvp.net/api/lol/static-data/euw/v1.2/versions?locale=en_US&api_key=RGAPI-dc16f089-0a84-4372-b258-378924b79112

[CACHE - ALLOWED][12:11:47 Europe/Madrid] Called function staticData()
https://global.api.pvp.net/api/lol/static-data/euw/v1.2/versions?locale=en_US&api_key=RGAPI-dc16f089-0a84-4372-b258-378924b79112

[CACHE - ALLOWED][12:11:47 Europe/Madrid] Called function staticData()
https://global.api.pvp.net/api/lol/static-data/euw/v1.2/versions?locale=en_US&api_key=RGAPI-dc16f089-0a84-4372-b258-378924b79112

[CACHE - ALLOWED][12:11:47 Europe/Madrid] Called function staticData()
https://global.api.pvp.net/api/lol/static-data/euw/v1.2/versions?locale=en_US&api_key=RGAPI-dc16f089-0a84-4372-b258-378924b79112

[CACHE - ALLOWED][12:15:28 Europe/Madrid] Called function staticData()
https://global.api.pvp.net/api/lol/static-data/euw/v1.2/versions?locale=en_US&api_key=RGAPI-dc16f089-0a84-4372-b258-378924b79112

[CACHE - ALLOWED][12:15:28 Europe/Madrid] Called function staticData()
https://global.api.pvp.net/api/lol/static-data/euw/v1.2/versions?locale=en_US&api_key=RGAPI-dc16f089-0a84-4372-b258-378924b79112

[CACHE - ALLOWED][12:15:28 Europe/Madrid] Called function staticData()
https://global.api.pvp.net/api/lol/static-data/euw/v1.2/versions?locale=en_US&api_key=RGAPI-dc16f089-0a84-4372-b258-378924b79112

[CACHE - ALLOWED][12:23:29 Europe/Madrid] Called function staticData()
https://global.api.pvp.net/api/lol/static-data/euw/v1.2/versions?locale=en_US&api_key=RGAPI-dc16f089-0a84-4372-b258-378924b79112

[CACHE - ALLOWED][12:23:29 Europe/Madrid] Called function staticData()
https://global.api.pvp.net/api/lol/static-data/euw/v1.2/versions?locale=en_US&api_key=RGAPI-dc16f089-0a84-4372-b258-378924b79112

[CACHE - ALLOWED][12:23:29 Europe/Madrid] Called function staticData()
https://global.api.pvp.net/api/lol/static-data/euw/v1.2/versions?locale=en_US&api_key=RGAPI-dc16f089-0a84-4372-b258-378924b79112

[CACHE - ALLOWED][12:23:43 Europe/Madrid] Called function staticData()
https://global.api.pvp.net/api/lol/static-data/euw/v1.2/versions?locale=en_US&api_key=RGAPI-dc16f089-0a84-4372-b258-378924b79112

[CACHE - ALLOWED][12:23:43 Europe/Madrid] Called function staticData()
https://global.api.pvp.net/api/lol/static-data/euw/v1.2/versions?locale=en_US&api_key=RGAPI-dc16f089-0a84-4372-b258-378924b79112

[CACHE - ALLOWED][12:23:43 Europe/Madrid] Called function staticData()
https://global.api.pvp.net/api/lol/static-data/euw/v1.2/versions?locale=en_US&api_key=RGAPI-dc16f089-0a84-4372-b258-378924b79112

[CACHE - ALLOWED][12:25:14 Europe/Madrid] Called function staticData()
https://global.api.pvp.net/api/lol/static-data/euw/v1.2/versions?locale=en_US&api_key=RGAPI-dc16f089-0a84-4372-b258-378924b79112

[CACHE - ALLOWED][12:25:14 Europe/Madrid] Called function staticData()
https://global.api.pvp.net/api/lol/static-data/euw/v1.2/versions?locale=en_US&api_key=RGAPI-dc16f089-0a84-4372-b258-378924b79112

[CACHE - ALLOWED][12:25:14 Europe/Madrid] Called function staticData()
https://global.api.pvp.net/api/lol/static-data/euw/v1.2/versions?locale=en_US&api_key=RGAPI-dc16f089-0a84-4372-b258-378924b79112

[CACHE - ALLOWED][12:25:15 Europe/Madrid] Called function staticData()
https://global.api.pvp.net/api/lol/static-data/euw/v1.2/versions?locale=en_US&api_key=RGAPI-dc16f089-0a84-4372-b258-378924b79112

[CACHE - ALLOWED][12:25:15 Europe/Madrid] Called function staticData()
https://global.api.pvp.net/api/lol/static-data/euw/v1.2/versions?locale=en_US&api_key=RGAPI-dc16f089-0a84-4372-b258-378924b79112

[CACHE - ALLOWED][12:25:15 Europe/Madrid] Called function staticData()
https://global.api.pvp.net/api/lol/static-data/euw/v1.2/versions?locale=en_US&api_key=RGAPI-dc16f089-0a84-4372-b258-378924b79112

[CACHE - ALLOWED][12:34:52 Europe/Madrid] Called function staticData()
https://global.api.pvp.net/api/lol/static-data/euw/v1.2/versions?locale=en_US&api_key=RGAPI-dc16f089-0a84-4372-b258-378924b79112

[CACHE - ALLOWED][12:34:52 Europe/Madrid] Called function staticData()
https://global.api.pvp.net/api/lol/static-data/euw/v1.2/versions?locale=en_US&api_key=RGAPI-dc16f089-0a84-4372-b258-378924b79112

[CACHE - ALLOWED][12:41:54 Europe/Madrid] Called function staticData()
https://global.api.pvp.net/api/lol/static-data/euw/v1.2/versions?locale=en_US&api_key=RGAPI-dc16f089-0a84-4372-b258-378924b79112

[CACHE - ALLOWED][12:41:54 Europe/Madrid] Called function staticData()
https://global.api.pvp.net/api/lol/static-data/euw/v1.2/versions?locale=en_US&api_key=RGAPI-dc16f089-0a84-4372-b258-378924b79112

[CACHE - ALLOWED][12:42:09 Europe/Madrid] Called function staticData()
https://global.api.pvp.net/api/lol/static-data/euw/v1.2/versions?locale=en_US&api_key=RGAPI-dc16f089-0a84-4372-b258-378924b79112

[CACHE - ALLOWED][12:42:09 Europe/Madrid] Called function staticData()
https://global.api.pvp.net/api/lol/static-data/euw/v1.2/versions?locale=en_US&api_key=RGAPI-dc16f089-0a84-4372-b258-378924b79112

[CACHE - ALLOWED][12:42:09 Europe/Madrid] Called function staticData()
https://global.api.pvp.net/api/lol/static-data/euw/v1.2/versions?locale=en_US&api_key=RGAPI-dc16f089-0a84-4372-b258-378924b79112

[CACHE - ALLOWED][12:42:09 Europe/Madrid] Called function staticData()
https://global.api.pvp.net/api/lol/static-data/euw/v1.2/versions?locale=en_US&api_key=RGAPI-dc16f089-0a84-4372-b258-378924b79112

[CACHE - ALLOWED][12:42:15 Europe/Madrid] Called function staticData()
https://global.api.pvp.net/api/lol/static-data/euw/v1.2/versions?locale=en_US&api_key=RGAPI-dc16f089-0a84-4372-b258-378924b79112

[CACHE - ALLOWED][12:42:15 Europe/Madrid] Called function staticData()
https://global.api.pvp.net/api/lol/static-data/euw/v1.2/versions?locale=en_US&api_key=RGAPI-dc16f089-0a84-4372-b258-378924b79112

[CACHE - ALLOWED][12:42:30 Europe/Madrid] Called function staticData()
https://global.api.pvp.net/api/lol/static-data/euw/v1.2/versions?locale=en_US&api_key=RGAPI-dc16f089-0a84-4372-b258-378924b79112

[CACHE - ALLOWED][12:42:30 Europe/Madrid] Called function staticData()
https://global.api.pvp.net/api/lol/static-data/euw/v1.2/versions?locale=en_US&api_key=RGAPI-dc16f089-0a84-4372-b258-378924b79112

[CACHE - ALLOWED][12:42:47 Europe/Madrid] Called function staticData()
https://global.api.pvp.net/api/lol/static-data/euw/v1.2/versions?locale=en_US&api_key=RGAPI-dc16f089-0a84-4372-b258-378924b79112

[CACHE - ALLOWED][12:42:47 Europe/Madrid] Called function staticData()
https://global.api.pvp.net/api/lol/static-data/euw/v1.2/versions?locale=en_US&api_key=RGAPI-dc16f089-0a84-4372-b258-378924b79112

[CACHE - ALLOWED][12:45:07 Europe/Madrid] Called function staticData()
https://global.api.pvp.net/api/lol/static-data/euw/v1.2/versions?locale=en_US&api_key=RGAPI-dc16f089-0a84-4372-b258-378924b79112

[CACHE - ALLOWED][12:45:07 Europe/Madrid] Called function staticData()
https://global.api.pvp.net/api/lol/static-data/euw/v1.2/versions?locale=en_US&api_key=RGAPI-dc16f089-0a84-4372-b258-378924b79112

[CACHE - ALLOWED][12:45:08 Europe/Madrid] Called function staticData()
https://global.api.pvp.net/api/lol/static-data/euw/v1.2/versions?locale=en_US&api_key=RGAPI-dc16f089-0a84-4372-b258-378924b79112

[CACHE - ALLOWED][12:45:08 Europe/Madrid] Called function staticData()
https://global.api.pvp.net/api/lol/static-data/euw/v1.2/versions?locale=en_US&api_key=RGAPI-dc16f089-0a84-4372-b258-378924b79112

[CACHE - ALLOWED][12:50:03 Europe/Madrid] Called function staticData()
https://global.api.pvp.net/api/lol/static-data/euw/v1.2/versions?locale=en_US&api_key=RGAPI-dc16f089-0a84-4372-b258-378924b79112

[CACHE - ALLOWED][12:50:03 Europe/Madrid] Called function staticData()
https://global.api.pvp.net/api/lol/static-data/euw/v1.2/versions?locale=en_US&api_key=RGAPI-dc16f089-0a84-4372-b258-378924b79112

[CACHE - ALLOWED][12:50:04 Europe/Madrid] Called function staticData()
https://global.api.pvp.net/api/lol/static-data/euw/v1.2/versions?locale=en_US&api_key=RGAPI-dc16f089-0a84-4372-b258-378924b79112

[CACHE - ALLOWED][12:50:04 Europe/Madrid] Called function staticData()
https://global.api.pvp.net/api/lol/static-data/euw/v1.2/versions?locale=en_US&api_key=RGAPI-dc16f089-0a84-4372-b258-378924b79112

[CACHE - ALLOWED][12:50:16 Europe/Madrid] Called function staticData()
https://global.api.pvp.net/api/lol/static-data/euw/v1.2/versions?locale=en_US&api_key=RGAPI-dc16f089-0a84-4372-b258-378924b79112

[CACHE - ALLOWED][12:50:16 Europe/Madrid] Called function staticData()
https://global.api.pvp.net/api/lol/static-data/euw/v1.2/versions?locale=en_US&api_key=RGAPI-dc16f089-0a84-4372-b258-378924b79112

[CACHE - ALLOWED][12:52:42 Europe/Madrid] Called function staticData()
https://global.api.pvp.net/api/lol/static-data/euw/v1.2/versions?locale=en_US&api_key=RGAPI-dc16f089-0a84-4372-b258-378924b79112

[CACHE - ALLOWED][12:52:42 Europe/Madrid] Called function staticData()
https://global.api.pvp.net/api/lol/static-data/euw/v1.2/versions?locale=en_US&api_key=RGAPI-dc16f089-0a84-4372-b258-378924b79112

[CACHE - ALLOWED][12:52:44 Europe/Madrid] Called function staticData()
https://global.api.pvp.net/api/lol/static-data/euw/v1.2/versions?locale=en_US&api_key=RGAPI-dc16f089-0a84-4372-b258-378924b79112

[CACHE - ALLOWED][12:52:44 Europe/Madrid] Called function staticData()
https://global.api.pvp.net/api/lol/static-data/euw/v1.2/versions?locale=en_US&api_key=RGAPI-dc16f089-0a84-4372-b258-378924b79112

[CACHE - ALLOWED][12:58:02 Europe/Madrid] Called function staticData()
https://global.api.pvp.net/api/lol/static-data/euw/v1.2/versions?locale=en_US&api_key=RGAPI-dc16f089-0a84-4372-b258-378924b79112

[CACHE - ALLOWED][12:58:02 Europe/Madrid] Called function staticData()
https://global.api.pvp.net/api/lol/static-data/euw/v1.2/versions?locale=en_US&api_key=RGAPI-dc16f089-0a84-4372-b258-378924b79112

[CACHE - ALLOWED][12:58:30 Europe/Madrid] Called function staticData()
https://global.api.pvp.net/api/lol/static-data/euw/v1.2/versions?locale=en_US&api_key=RGAPI-dc16f089-0a84-4372-b258-378924b79112

[CACHE - ALLOWED][12:58:30 Europe/Madrid] Called function staticData()
https://global.api.pvp.net/api/lol/static-data/euw/v1.2/versions?locale=en_US&api_key=RGAPI-dc16f089-0a84-4372-b258-378924b79112

[CACHE - ALLOWED][12:59:02 Europe/Madrid] Called function staticData()
https://global.api.pvp.net/api/lol/static-data/euw/v1.2/versions?locale=en_US&api_key=RGAPI-dc16f089-0a84-4372-b258-378924b79112

[CACHE - ALLOWED][12:59:02 Europe/Madrid] Called function staticData()
https://global.api.pvp.net/api/lol/static-data/euw/v1.2/versions?locale=en_US&api_key=RGAPI-dc16f089-0a84-4372-b258-378924b79112

[CACHE - ALLOWED][12:59:12 Europe/Madrid] Called function staticData()
https://global.api.pvp.net/api/lol/static-data/euw/v1.2/versions?locale=en_US&api_key=RGAPI-dc16f089-0a84-4372-b258-378924b79112

[CACHE - ALLOWED][12:59:12 Europe/Madrid] Called function staticData()
https://global.api.pvp.net/api/lol/static-data/euw/v1.2/versions?locale=en_US&api_key=RGAPI-dc16f089-0a84-4372-b258-378924b79112

[CACHE - ALLOWED][12:59:16 Europe/Madrid] Called function staticData()
https://global.api.pvp.net/api/lol/static-data/euw/v1.2/versions?locale=en_US&api_key=RGAPI-dc16f089-0a84-4372-b258-378924b79112

[CACHE - ALLOWED][12:59:16 Europe/Madrid] Called function staticData()
https://global.api.pvp.net/api/lol/static-data/euw/v1.2/versions?locale=en_US&api_key=RGAPI-dc16f089-0a84-4372-b258-378924b79112

[CACHE - ALLOWED][12:59:28 Europe/Madrid] Called function staticData()
https://global.api.pvp.net/api/lol/static-data/euw/v1.2/versions?locale=en_US&api_key=RGAPI-dc16f089-0a84-4372-b258-378924b79112

[CACHE - ALLOWED][12:59:28 Europe/Madrid] Called function staticData()
https://global.api.pvp.net/api/lol/static-data/euw/v1.2/versions?locale=en_US&api_key=RGAPI-dc16f089-0a84-4372-b258-378924b79112

[CACHE - ALLOWED][12:59:37 Europe/Madrid] Called function staticData()
https://global.api.pvp.net/api/lol/static-data/euw/v1.2/versions?locale=en_US&api_key=RGAPI-dc16f089-0a84-4372-b258-378924b79112

[CACHE - ALLOWED][12:59:37 Europe/Madrid] Called function staticData()
https://global.api.pvp.net/api/lol/static-data/euw/v1.2/versions?locale=en_US&api_key=RGAPI-dc16f089-0a84-4372-b258-378924b79112

[CACHE - ALLOWED][13:00:51 Europe/Madrid] Called function staticData()
https://global.api.pvp.net/api/lol/static-data/euw/v1.2/versions?locale=en_US&api_key=RGAPI-dc16f089-0a84-4372-b258-378924b79112

[CACHE - ALLOWED][13:00:51 Europe/Madrid] Called function staticData()
https://global.api.pvp.net/api/lol/static-data/euw/v1.2/versions?locale=en_US&api_key=RGAPI-dc16f089-0a84-4372-b258-378924b79112

[CACHE - ALLOWED][13:01:24 Europe/Madrid] Called function staticData()
https://global.api.pvp.net/api/lol/static-data/euw/v1.2/versions?locale=en_US&api_key=RGAPI-dc16f089-0a84-4372-b258-378924b79112

[CACHE - ALLOWED][13:01:24 Europe/Madrid] Called function staticData()
https://global.api.pvp.net/api/lol/static-data/euw/v1.2/versions?locale=en_US&api_key=RGAPI-dc16f089-0a84-4372-b258-378924b79112

[CACHE - ALLOWED][13:01:35 Europe/Madrid] Called function staticData()
https://global.api.pvp.net/api/lol/static-data/euw/v1.2/versions?locale=en_US&api_key=RGAPI-dc16f089-0a84-4372-b258-378924b79112

[CACHE - ALLOWED][13:01:35 Europe/Madrid] Called function staticData()
https://global.api.pvp.net/api/lol/static-data/euw/v1.2/versions?locale=en_US&api_key=RGAPI-dc16f089-0a84-4372-b258-378924b79112

[CACHE - ALLOWED][13:23:45 Europe/Madrid] Called function staticData()
https://global.api.pvp.net/api/lol/static-data/euw/v1.2/versions?locale=en_US&api_key=RGAPI-dc16f089-0a84-4372-b258-378924b79112

[CACHE - ALLOWED][13:23:45 Europe/Madrid] Called function staticData()
https://global.api.pvp.net/api/lol/static-data/euw/v1.2/versions?locale=en_US&api_key=RGAPI-dc16f089-0a84-4372-b258-378924b79112

[ALLOWED][13:23:45 Europe/Madrid] Error detected when creating tournament: getProvider() -> 400

[CACHE - ALLOWED][13:24:10 Europe/Madrid] Called function staticData()
https://global.api.pvp.net/api/lol/static-data/euw/v1.2/versions?locale=en_US&api_key=RGAPI-dc16f089-0a84-4372-b258-378924b79112

[CACHE - ALLOWED][13:24:10 Europe/Madrid] Called function staticData()
https://global.api.pvp.net/api/lol/static-data/euw/v1.2/versions?locale=en_US&api_key=RGAPI-dc16f089-0a84-4372-b258-378924b79112

[ALLOWED][13:24:10 Europe/Madrid] Error detected when creating tournament: getProvider() -> 400

[CACHE - ALLOWED][13:25:15 Europe/Madrid] Called function staticData()
https://global.api.pvp.net/api/lol/static-data/euw/v1.2/versions?locale=en_US&api_key=RGAPI-dc16f089-0a84-4372-b258-378924b79112

[CACHE - ALLOWED][13:25:15 Europe/Madrid] Called function staticData()
https://global.api.pvp.net/api/lol/static-data/euw/v1.2/versions?locale=en_US&api_key=RGAPI-dc16f089-0a84-4372-b258-378924b79112

[ALLOWED][13:25:16 Europe/Madrid] Error detected when creating tournament: getProvider() -> 400

[CACHE - ALLOWED][13:25:43 Europe/Madrid] Called function staticData()
https://global.api.pvp.net/api/lol/static-data/euw/v1.2/versions?locale=en_US&api_key=RGAPI-dc16f089-0a84-4372-b258-378924b79112

[CACHE - ALLOWED][13:25:43 Europe/Madrid] Called function staticData()
https://global.api.pvp.net/api/lol/static-data/euw/v1.2/versions?locale=en_US&api_key=RGAPI-dc16f089-0a84-4372-b258-378924b79112

[CACHE - ALLOWED][13:26:08 Europe/Madrid] Called function staticData()
https://global.api.pvp.net/api/lol/static-data/euw/v1.2/versions?locale=en_US&api_key=RGAPI-dc16f089-0a84-4372-b258-378924b79112

[CACHE - ALLOWED][13:26:08 Europe/Madrid] Called function staticData()
https://global.api.pvp.net/api/lol/static-data/euw/v1.2/versions?locale=en_US&api_key=RGAPI-dc16f089-0a84-4372-b258-378924b79112

[CACHE - ALLOWED][13:26:33 Europe/Madrid] Called function staticData()
https://global.api.pvp.net/api/lol/static-data/euw/v1.2/versions?locale=en_US&api_key=RGAPI-dc16f089-0a84-4372-b258-378924b79112

[CACHE - ALLOWED][13:26:33 Europe/Madrid] Called function staticData()
https://global.api.pvp.net/api/lol/static-data/euw/v1.2/versions?locale=en_US&api_key=RGAPI-dc16f089-0a84-4372-b258-378924b79112

[CACHE - ALLOWED][13:27:02 Europe/Madrid] Called function staticData()
https://global.api.pvp.net/api/lol/static-data/euw/v1.2/versions?locale=en_US&api_key=RGAPI-dc16f089-0a84-4372-b258-378924b79112

[CACHE - ALLOWED][13:27:02 Europe/Madrid] Called function staticData()
https://global.api.pvp.net/api/lol/static-data/euw/v1.2/versions?locale=en_US&api_key=RGAPI-dc16f089-0a84-4372-b258-378924b79112

[CACHE - ALLOWED][13:27:14 Europe/Madrid] Called function staticData()
https://global.api.pvp.net/api/lol/static-data/euw/v1.2/versions?locale=en_US&api_key=RGAPI-dc16f089-0a84-4372-b258-378924b79112

[CACHE - ALLOWED][13:27:14 Europe/Madrid] Called function staticData()
https://global.api.pvp.net/api/lol/static-data/euw/v1.2/versions?locale=en_US&api_key=RGAPI-dc16f089-0a84-4372-b258-378924b79112

[CACHE - ALLOWED][13:27:50 Europe/Madrid] Called function staticData()
https://global.api.pvp.net/api/lol/static-data/euw/v1.2/versions?locale=en_US&api_key=RGAPI-dc16f089-0a84-4372-b258-378924b79112

[CACHE - ALLOWED][13:27:50 Europe/Madrid] Called function staticData()
https://global.api.pvp.net/api/lol/static-data/euw/v1.2/versions?locale=en_US&api_key=RGAPI-dc16f089-0a84-4372-b258-378924b79112

[CACHE - ALLOWED][13:28:01 Europe/Madrid] Called function staticData()
https://global.api.pvp.net/api/lol/static-data/euw/v1.2/versions?locale=en_US&api_key=RGAPI-dc16f089-0a84-4372-b258-378924b79112

[CACHE - ALLOWED][13:28:01 Europe/Madrid] Called function staticData()
https://global.api.pvp.net/api/lol/static-data/euw/v1.2/versions?locale=en_US&api_key=RGAPI-dc16f089-0a84-4372-b258-378924b79112

[CACHE - ALLOWED][13:28:13 Europe/Madrid] Called function staticData()
https://global.api.pvp.net/api/lol/static-data/euw/v1.2/versions?locale=en_US&api_key=RGAPI-dc16f089-0a84-4372-b258-378924b79112

[CACHE - ALLOWED][13:28:13 Europe/Madrid] Called function staticData()
https://global.api.pvp.net/api/lol/static-data/euw/v1.2/versions?locale=en_US&api_key=RGAPI-dc16f089-0a84-4372-b258-378924b79112

[CACHE - ALLOWED][13:28:28 Europe/Madrid] Called function staticData()
https://global.api.pvp.net/api/lol/static-data/euw/v1.2/versions?locale=en_US&api_key=RGAPI-dc16f089-0a84-4372-b258-378924b79112

[CACHE - ALLOWED][13:28:28 Europe/Madrid] Called function staticData()
https://global.api.pvp.net/api/lol/static-data/euw/v1.2/versions?locale=en_US&api_key=RGAPI-dc16f089-0a84-4372-b258-378924b79112

[CACHE - ALLOWED][13:32:07 Europe/Madrid] Called function staticData()
https://global.api.pvp.net/api/lol/static-data/euw/v1.2/versions?locale=en_US&api_key=RGAPI-dc16f089-0a84-4372-b258-378924b79112

[CACHE - ALLOWED][13:32:07 Europe/Madrid] Called function staticData()
https://global.api.pvp.net/api/lol/static-data/euw/v1.2/versions?locale=en_US&api_key=RGAPI-dc16f089-0a84-4372-b258-378924b79112

[CACHE - ALLOWED][13:49:26 Europe/Madrid] Called function staticData()
https://global.api.pvp.net/api/lol/static-data/euw/v1.2/versions?locale=en_US&api_key=RGAPI-dc16f089-0a84-4372-b258-378924b79112

[CACHE - ALLOWED][13:49:26 Europe/Madrid] Called function staticData()
https://global.api.pvp.net/api/lol/static-data/euw/v1.2/versions?locale=en_US&api_key=RGAPI-dc16f089-0a84-4372-b258-378924b79112

[CACHE - ALLOWED][13:50:36 Europe/Madrid] Called function staticData()
https://global.api.pvp.net/api/lol/static-data/euw/v1.2/versions?locale=en_US&api_key=RGAPI-dc16f089-0a84-4372-b258-378924b79112

[CACHE - ALLOWED][13:50:36 Europe/Madrid] Called function staticData()
https://global.api.pvp.net/api/lol/static-data/euw/v1.2/versions?locale=en_US&api_key=RGAPI-dc16f089-0a84-4372-b258-378924b79112

[CACHE - ALLOWED][13:50:48 Europe/Madrid] Called function staticData()
https://global.api.pvp.net/api/lol/static-data/euw/v1.2/versions?locale=en_US&api_key=RGAPI-dc16f089-0a84-4372-b258-378924b79112

[CACHE - ALLOWED][13:50:48 Europe/Madrid] Called function staticData()
https://global.api.pvp.net/api/lol/static-data/euw/v1.2/versions?locale=en_US&api_key=RGAPI-dc16f089-0a84-4372-b258-378924b79112

[ALLOWED][13:50:49 Europe/Madrid] Error detected when creating tournament: getProvider() -> 400

[CACHE - ALLOWED][13:51:12 Europe/Madrid] Called function staticData()
https://global.api.pvp.net/api/lol/static-data/euw/v1.2/versions?locale=en_US&api_key=RGAPI-dc16f089-0a84-4372-b258-378924b79112

[CACHE - ALLOWED][13:51:12 Europe/Madrid] Called function staticData()
https://global.api.pvp.net/api/lol/static-data/euw/v1.2/versions?locale=en_US&api_key=RGAPI-dc16f089-0a84-4372-b258-378924b79112

[ALLOWED][13:51:13 Europe/Madrid] Error detected when creating tournament: getProvider() -> 400

[CACHE - ALLOWED][13:52:00 Europe/Madrid] Called function staticData()
https://global.api.pvp.net/api/lol/static-data/euw/v1.2/versions?locale=en_US&api_key=RGAPI-dc16f089-0a84-4372-b258-378924b79112

[CACHE - ALLOWED][13:52:00 Europe/Madrid] Called function staticData()
https://global.api.pvp.net/api/lol/static-data/euw/v1.2/versions?locale=en_US&api_key=RGAPI-dc16f089-0a84-4372-b258-378924b79112

[ALLOWED][13:52:00 Europe/Madrid] Error detected when creating tournament: getProvider() -> 400

[CACHE - ALLOWED][13:52:57 Europe/Madrid] Called function staticData()
https://global.api.pvp.net/api/lol/static-data/euw/v1.2/versions?locale=en_US&api_key=RGAPI-dc16f089-0a84-4372-b258-378924b79112

[CACHE - ALLOWED][13:52:57 Europe/Madrid] Called function staticData()
https://global.api.pvp.net/api/lol/static-data/euw/v1.2/versions?locale=en_US&api_key=RGAPI-dc16f089-0a84-4372-b258-378924b79112

[ALLOWED][13:52:58 Europe/Madrid] Error detected when creating tournament: getProvider() -> 400

[CACHE - ALLOWED][13:53:20 Europe/Madrid] Called function staticData()
https://global.api.pvp.net/api/lol/static-data/euw/v1.2/versions?locale=en_US&api_key=RGAPI-dc16f089-0a84-4372-b258-378924b79112

[CACHE - ALLOWED][13:53:20 Europe/Madrid] Called function staticData()
https://global.api.pvp.net/api/lol/static-data/euw/v1.2/versions?locale=en_US&api_key=RGAPI-dc16f089-0a84-4372-b258-378924b79112

[ALLOWED][13:53:22 Europe/Madrid] Error detected when creating tournament: postTournament() -> 400

[CACHE - ALLOWED][13:55:16 Europe/Madrid] Called function staticData()
https://global.api.pvp.net/api/lol/static-data/euw/v1.2/versions?locale=en_US&api_key=RGAPI-dc16f089-0a84-4372-b258-378924b79112

[CACHE - ALLOWED][13:55:16 Europe/Madrid] Called function staticData()
https://global.api.pvp.net/api/lol/static-data/euw/v1.2/versions?locale=en_US&api_key=RGAPI-dc16f089-0a84-4372-b258-378924b79112

[ALLOWED][13:55:17 Europe/Madrid] Error detected when creating tournament: getProvider() -> 400

[CACHE - ALLOWED][13:55:25 Europe/Madrid] Called function staticData()
https://global.api.pvp.net/api/lol/static-data/euw/v1.2/versions?locale=en_US&api_key=RGAPI-dc16f089-0a84-4372-b258-378924b79112

[CACHE - ALLOWED][13:55:25 Europe/Madrid] Called function staticData()
https://global.api.pvp.net/api/lol/static-data/euw/v1.2/versions?locale=en_US&api_key=RGAPI-dc16f089-0a84-4372-b258-378924b79112

[ALLOWED][13:55:26 Europe/Madrid] Error detected when creating tournament: getProvider() -> 400

[CACHE - ALLOWED][13:55:50 Europe/Madrid] Called function staticData()
https://global.api.pvp.net/api/lol/static-data/euw/v1.2/versions?locale=en_US&api_key=RGAPI-dc16f089-0a84-4372-b258-378924b79112

[CACHE - ALLOWED][13:55:50 Europe/Madrid] Called function staticData()
https://global.api.pvp.net/api/lol/static-data/euw/v1.2/versions?locale=en_US&api_key=RGAPI-dc16f089-0a84-4372-b258-378924b79112

[ALLOWED][13:55:50 Europe/Madrid] Error detected when creating tournament: getProvider() -> 400

[CACHE - ALLOWED][13:55:58 Europe/Madrid] Called function staticData()
https://global.api.pvp.net/api/lol/static-data/euw/v1.2/versions?locale=en_US&api_key=RGAPI-dc16f089-0a84-4372-b258-378924b79112

[CACHE - ALLOWED][13:55:58 Europe/Madrid] Called function staticData()
https://global.api.pvp.net/api/lol/static-data/euw/v1.2/versions?locale=en_US&api_key=RGAPI-dc16f089-0a84-4372-b258-378924b79112

[ALLOWED][13:55:59 Europe/Madrid] Error detected when creating tournament: getProvider() -> 400

[CACHE - ALLOWED][13:56:11 Europe/Madrid] Called function staticData()
https://global.api.pvp.net/api/lol/static-data/euw/v1.2/versions?locale=en_US&api_key=RGAPI-dc16f089-0a84-4372-b258-378924b79112

[CACHE - ALLOWED][13:56:11 Europe/Madrid] Called function staticData()
https://global.api.pvp.net/api/lol/static-data/euw/v1.2/versions?locale=en_US&api_key=RGAPI-dc16f089-0a84-4372-b258-378924b79112

[ALLOWED][13:56:13 Europe/Madrid] Error detected when creating tournament: getTournamentCode() -> 400

[CACHE - ALLOWED][14:03:49 Europe/Madrid] Called function staticData()
https://global.api.pvp.net/api/lol/static-data/euw/v1.2/versions?locale=en_US&api_key=RGAPI-dc16f089-0a84-4372-b258-378924b79112

[CACHE - ALLOWED][14:03:49 Europe/Madrid] Called function staticData()
https://global.api.pvp.net/api/lol/static-data/euw/v1.2/versions?locale=en_US&api_key=RGAPI-dc16f089-0a84-4372-b258-378924b79112

[CACHE - ALLOWED][14:04:31 Europe/Madrid] Called function staticData()
https://global.api.pvp.net/api/lol/static-data/euw/v1.2/versions?locale=en_US&api_key=RGAPI-dc16f089-0a84-4372-b258-378924b79112

[CACHE - ALLOWED][14:04:31 Europe/Madrid] Called function staticData()
https://global.api.pvp.net/api/lol/static-data/euw/v1.2/versions?locale=en_US&api_key=RGAPI-dc16f089-0a84-4372-b258-378924b79112

[CACHE - ALLOWED][14:05:14 Europe/Madrid] Called function staticData()
https://global.api.pvp.net/api/lol/static-data/euw/v1.2/versions?locale=en_US&api_key=RGAPI-dc16f089-0a84-4372-b258-378924b79112

[CACHE - ALLOWED][14:05:14 Europe/Madrid] Called function staticData()
https://global.api.pvp.net/api/lol/static-data/euw/v1.2/versions?locale=en_US&api_key=RGAPI-dc16f089-0a84-4372-b258-378924b79112

[CACHE - ALLOWED][14:09:05 Europe/Madrid] Called function staticData()
https://global.api.pvp.net/api/lol/static-data/euw/v1.2/versions?locale=en_US&api_key=RGAPI-dc16f089-0a84-4372-b258-378924b79112

[CACHE - ALLOWED][14:09:05 Europe/Madrid] Called function staticData()
https://global.api.pvp.net/api/lol/static-data/euw/v1.2/versions?locale=en_US&api_key=RGAPI-dc16f089-0a84-4372-b258-378924b79112

[CACHE - ALLOWED][14:11:02 Europe/Madrid] Called function staticData()
https://global.api.pvp.net/api/lol/static-data/euw/v1.2/versions?locale=en_US&api_key=RGAPI-dc16f089-0a84-4372-b258-378924b79112

[CACHE - ALLOWED][14:11:02 Europe/Madrid] Called function staticData()
https://global.api.pvp.net/api/lol/static-data/euw/v1.2/versions?locale=en_US&api_key=RGAPI-dc16f089-0a84-4372-b258-378924b79112

[CACHE - ALLOWED][14:11:22 Europe/Madrid] Called function staticData()
https://global.api.pvp.net/api/lol/static-data/euw/v1.2/versions?locale=en_US&api_key=RGAPI-dc16f089-0a84-4372-b258-378924b79112

[CACHE - ALLOWED][14:11:22 Europe/Madrid] Called function staticData()
https://global.api.pvp.net/api/lol/static-data/euw/v1.2/versions?locale=en_US&api_key=RGAPI-dc16f089-0a84-4372-b258-378924b79112

[CACHE - ALLOWED][14:11:34 Europe/Madrid] Called function staticData()
https://global.api.pvp.net/api/lol/static-data/euw/v1.2/versions?locale=en_US&api_key=RGAPI-dc16f089-0a84-4372-b258-378924b79112

[CACHE - ALLOWED][14:11:34 Europe/Madrid] Called function staticData()
https://global.api.pvp.net/api/lol/static-data/euw/v1.2/versions?locale=en_US&api_key=RGAPI-dc16f089-0a84-4372-b258-378924b79112

[CACHE - ALLOWED][14:13:45 Europe/Madrid] Called function staticData()
https://global.api.pvp.net/api/lol/static-data/euw/v1.2/versions?locale=en_US&api_key=RGAPI-dc16f089-0a84-4372-b258-378924b79112

[CACHE - ALLOWED][14:13:45 Europe/Madrid] Called function staticData()
https://global.api.pvp.net/api/lol/static-data/euw/v1.2/versions?locale=en_US&api_key=RGAPI-dc16f089-0a84-4372-b258-378924b79112

[CACHE - ALLOWED][14:13:47 Europe/Madrid] Called function staticData()
https://global.api.pvp.net/api/lol/static-data/euw/v1.2/versions?locale=en_US&api_key=RGAPI-dc16f089-0a84-4372-b258-378924b79112

[CACHE - ALLOWED][14:13:47 Europe/Madrid] Called function staticData()
https://global.api.pvp.net/api/lol/static-data/euw/v1.2/versions?locale=en_US&api_key=RGAPI-dc16f089-0a84-4372-b258-378924b79112

[CACHE - ALLOWED][14:14:34 Europe/Madrid] Called function staticData()
https://global.api.pvp.net/api/lol/static-data/euw/v1.2/versions?locale=en_US&api_key=RGAPI-dc16f089-0a84-4372-b258-378924b79112

[CACHE - ALLOWED][14:14:34 Europe/Madrid] Called function staticData()
https://global.api.pvp.net/api/lol/static-data/euw/v1.2/versions?locale=en_US&api_key=RGAPI-dc16f089-0a84-4372-b258-378924b79112

[CACHE - ALLOWED][14:24:22 Europe/Madrid] Called function staticData()
https://global.api.pvp.net/api/lol/static-data/euw/v1.2/versions?locale=en_US&api_key=RGAPI-dc16f089-0a84-4372-b258-378924b79112

[CACHE - ALLOWED][14:24:22 Europe/Madrid] Called function staticData()
https://global.api.pvp.net/api/lol/static-data/euw/v1.2/versions?locale=en_US&api_key=RGAPI-dc16f089-0a84-4372-b258-378924b79112

[ALLOWED][14:24:24 Europe/Madrid] Error detected when creating tournament: getTournamentCode() -> 400

[CACHE - ALLOWED][14:32:25 Europe/Madrid] Called function staticData()
https://global.api.pvp.net/api/lol/static-data/euw/v1.2/versions?locale=en_US&api_key=RGAPI-dc16f089-0a84-4372-b258-378924b79112

[CACHE - ALLOWED][14:32:25 Europe/Madrid] Called function staticData()
https://global.api.pvp.net/api/lol/static-data/euw/v1.2/versions?locale=en_US&api_key=RGAPI-dc16f089-0a84-4372-b258-378924b79112

[CACHE - ALLOWED][14:45:47 Europe/Madrid] Called function staticData()
https://global.api.pvp.net/api/lol/static-data/euw/v1.2/versions?locale=en_US&api_key=RGAPI-dc16f089-0a84-4372-b258-378924b79112

[CACHE - ALLOWED][14:45:47 Europe/Madrid] Called function staticData()
https://global.api.pvp.net/api/lol/static-data/euw/v1.2/versions?locale=en_US&api_key=RGAPI-dc16f089-0a84-4372-b258-378924b79112

[ALLOWED][14:45:47 Europe/Madrid] Error detected when creating tournament: getProvider() -> 0

[CACHE - ALLOWED][14:46:18 Europe/Madrid] Called function staticData()
https://global.api.pvp.net/api/lol/static-data/euw/v1.2/versions?locale=en_US&api_key=RGAPI-dc16f089-0a84-4372-b258-378924b79112

[CACHE - ALLOWED][14:46:18 Europe/Madrid] Called function staticData()
https://global.api.pvp.net/api/lol/static-data/euw/v1.2/versions?locale=en_US&api_key=RGAPI-dc16f089-0a84-4372-b258-378924b79112

[ALLOWED][14:46:19 Europe/Madrid] Error detected when creating tournament: postTournament() -> 0

[CACHE - ALLOWED][14:46:34 Europe/Madrid] Called function staticData()
https://global.api.pvp.net/api/lol/static-data/euw/v1.2/versions?locale=en_US&api_key=RGAPI-dc16f089-0a84-4372-b258-378924b79112

[CACHE - ALLOWED][14:46:34 Europe/Madrid] Called function staticData()
https://global.api.pvp.net/api/lol/static-data/euw/v1.2/versions?locale=en_US&api_key=RGAPI-dc16f089-0a84-4372-b258-378924b79112

[CACHE - ALLOWED][14:49:17 Europe/Madrid] Called function staticData()
https://global.api.pvp.net/api/lol/static-data/euw/v1.2/versions?locale=en_US&api_key=RGAPI-dc16f089-0a84-4372-b258-378924b79112

[CACHE - ALLOWED][14:49:17 Europe/Madrid] Called function staticData()
https://global.api.pvp.net/api/lol/static-data/euw/v1.2/versions?locale=en_US&api_key=RGAPI-dc16f089-0a84-4372-b258-378924b79112

[ALLOWED][14:49:20 Europe/Madrid] Error detected when creating tournament: lobbyEvents() -> 403

[CACHE - ALLOWED][14:50:05 Europe/Madrid] Called function staticData()
https://global.api.pvp.net/api/lol/static-data/euw/v1.2/versions?locale=en_US&api_key=RGAPI-dc16f089-0a84-4372-b258-378924b79112

[CACHE - ALLOWED][14:50:05 Europe/Madrid] Called function staticData()
https://global.api.pvp.net/api/lol/static-data/euw/v1.2/versions?locale=en_US&api_key=RGAPI-dc16f089-0a84-4372-b258-378924b79112

[ALLOWED][14:50:08 Europe/Madrid] Error detected when creating tournament: lobbyEvents() -> 403

[CACHE - ALLOWED][14:50:57 Europe/Madrid] Called function staticData()
https://global.api.pvp.net/api/lol/static-data/euw/v1.2/versions?locale=en_US&api_key=RGAPI-dc16f089-0a84-4372-b258-378924b79112

[CACHE - ALLOWED][14:50:57 Europe/Madrid] Called function staticData()
https://global.api.pvp.net/api/lol/static-data/euw/v1.2/versions?locale=en_US&api_key=RGAPI-dc16f089-0a84-4372-b258-378924b79112

[CACHE - ALLOWED][14:51:07 Europe/Madrid] Called function staticData()
https://global.api.pvp.net/api/lol/static-data/euw/v1.2/versions?locale=en_US&api_key=RGAPI-dc16f089-0a84-4372-b258-378924b79112

[CACHE - ALLOWED][14:51:07 Europe/Madrid] Called function staticData()
https://global.api.pvp.net/api/lol/static-data/euw/v1.2/versions?locale=en_US&api_key=RGAPI-dc16f089-0a84-4372-b258-378924b79112

[CACHE - ALLOWED][14:54:45 Europe/Madrid] Called function staticData()
https://global.api.pvp.net/api/lol/static-data/euw/v1.2/versions?locale=en_US&api_key=RGAPI-dc16f089-0a84-4372-b258-378924b79112

[CACHE - ALLOWED][14:54:45 Europe/Madrid] Called function staticData()
https://global.api.pvp.net/api/lol/static-data/euw/v1.2/versions?locale=en_US&api_key=RGAPI-dc16f089-0a84-4372-b258-378924b79112

[API - ALLOWED][14:54:45 Europe/Madrid] Called function championFreeToPlay()
https://euw.api.pvp.net/api/lol/euw/v1.2/champion?freeToPlay=true&api_key=RGAPI-dc16f089-0a84-4372-b258-378924b79112

[CACHE - ALLOWED][14:55:41 Europe/Madrid] Called function staticData()
https://global.api.pvp.net/api/lol/static-data/euw/v1.2/versions?locale=en_US&api_key=RGAPI-dc16f089-0a84-4372-b258-378924b79112

[CACHE - ALLOWED][14:55:41 Europe/Madrid] Called function staticData()
https://global.api.pvp.net/api/lol/static-data/euw/v1.2/versions?locale=en_US&api_key=RGAPI-dc16f089-0a84-4372-b258-378924b79112

[CACHE - ALLOWED][14:55:41 Europe/Madrid] Called function championFreeToPlay()
https://euw.api.pvp.net/api/lol/euw/v1.2/champion?freeToPlay=true&api_key=RGAPI-dc16f089-0a84-4372-b258-378924b79112

[CACHE - ALLOWED][14:55:43 Europe/Madrid] Called function staticData()
https://global.api.pvp.net/api/lol/static-data/euw/v1.2/versions?locale=en_US&api_key=RGAPI-dc16f089-0a84-4372-b258-378924b79112

[CACHE - ALLOWED][14:55:43 Europe/Madrid] Called function staticData()
https://global.api.pvp.net/api/lol/static-data/euw/v1.2/versions?locale=en_US&api_key=RGAPI-dc16f089-0a84-4372-b258-378924b79112

[CACHE - ALLOWED][14:55:43 Europe/Madrid] Called function championFreeToPlay()
https://euw.api.pvp.net/api/lol/euw/v1.2/champion?freeToPlay=true&api_key=RGAPI-dc16f089-0a84-4372-b258-378924b79112

[CACHE - ALLOWED][14:56:04 Europe/Madrid] Called function staticData()
https://global.api.pvp.net/api/lol/static-data/euw/v1.2/versions?locale=en_US&api_key=RGAPI-dc16f089-0a84-4372-b258-378924b79112

[CACHE - ALLOWED][14:56:04 Europe/Madrid] Called function staticData()
https://global.api.pvp.net/api/lol/static-data/euw/v1.2/versions?locale=en_US&api_key=RGAPI-dc16f089-0a84-4372-b258-378924b79112

[ALLOWED][14:56:08 Europe/Madrid] Error detected when creating tournament: lobbyEvents() -> 403

[CACHE - ALLOWED][14:57:53 Europe/Madrid] Called function staticData()
https://global.api.pvp.net/api/lol/static-data/euw/v1.2/versions?locale=en_US&api_key=RGAPI-dc16f089-0a84-4372-b258-378924b79112

[CACHE - ALLOWED][14:57:53 Europe/Madrid] Called function staticData()
https://global.api.pvp.net/api/lol/static-data/euw/v1.2/versions?locale=en_US&api_key=RGAPI-dc16f089-0a84-4372-b258-378924b79112

[ALLOWED][14:57:56 Europe/Madrid] Error detected when fetching tournament: lobbyEvents() -> 403

[CACHE - ALLOWED][14:58:48 Europe/Madrid] Called function staticData()
https://global.api.pvp.net/api/lol/static-data/euw/v1.2/versions?locale=en_US&api_key=RGAPI-dc16f089-0a84-4372-b258-378924b79112

[CACHE - ALLOWED][14:58:48 Europe/Madrid] Called function staticData()
https://global.api.pvp.net/api/lol/static-data/euw/v1.2/versions?locale=en_US&api_key=RGAPI-dc16f089-0a84-4372-b258-378924b79112

[ALLOWED][14:58:52 Europe/Madrid] Error detected when fetching tournament: lobbyEvents() -> 403

[CACHE - ALLOWED][14:59:03 Europe/Madrid] Called function staticData()
https://global.api.pvp.net/api/lol/static-data/euw/v1.2/versions?locale=en_US&api_key=RGAPI-dc16f089-0a84-4372-b258-378924b79112

[CACHE - ALLOWED][14:59:03 Europe/Madrid] Called function staticData()
https://global.api.pvp.net/api/lol/static-data/euw/v1.2/versions?locale=en_US&api_key=RGAPI-dc16f089-0a84-4372-b258-378924b79112

[ALLOWED][14:59:07 Europe/Madrid] Error detected when fetching tournament: tournamentInfo() -> 403

[CACHE - ALLOWED][14:59:23 Europe/Madrid] Called function staticData()
https://global.api.pvp.net/api/lol/static-data/euw/v1.2/versions?locale=en_US&api_key=RGAPI-dc16f089-0a84-4372-b258-378924b79112

[CACHE - ALLOWED][14:59:23 Europe/Madrid] Called function staticData()
https://global.api.pvp.net/api/lol/static-data/euw/v1.2/versions?locale=en_US&api_key=RGAPI-dc16f089-0a84-4372-b258-378924b79112

[ALLOWED][14:59:26 Europe/Madrid] Error detected when fetching tournament: tournamentInfo() -> 403

[CACHE - ALLOWED][15:00:44 Europe/Madrid] Called function staticData()
https://global.api.pvp.net/api/lol/static-data/euw/v1.2/versions?locale=en_US&api_key=RGAPI-dc16f089-0a84-4372-b258-378924b79112

[CACHE - ALLOWED][15:00:44 Europe/Madrid] Called function staticData()
https://global.api.pvp.net/api/lol/static-data/euw/v1.2/versions?locale=en_US&api_key=RGAPI-dc16f089-0a84-4372-b258-378924b79112

[ALLOWED][15:00:47 Europe/Madrid] Error detected when fetching tournament: tournamentInfo() -> 403

[CACHE - ALLOWED][15:01:04 Europe/Madrid] Called function staticData()
https://global.api.pvp.net/api/lol/static-data/euw/v1.2/versions?locale=en_US&api_key=RGAPI-dc16f089-0a84-4372-b258-378924b79112

[CACHE - ALLOWED][15:01:04 Europe/Madrid] Called function staticData()
https://global.api.pvp.net/api/lol/static-data/euw/v1.2/versions?locale=en_US&api_key=RGAPI-dc16f089-0a84-4372-b258-378924b79112

[ALLOWED][15:01:07 Europe/Madrid] Error detected when fetching tournament: tournamentInfo() -> 403

[CACHE - ALLOWED][15:01:50 Europe/Madrid] Called function staticData()
https://global.api.pvp.net/api/lol/static-data/euw/v1.2/versions?locale=en_US&api_key=RGAPI-dc16f089-0a84-4372-b258-378924b79112

[CACHE - ALLOWED][15:01:50 Europe/Madrid] Called function staticData()
https://global.api.pvp.net/api/lol/static-data/euw/v1.2/versions?locale=en_US&api_key=RGAPI-dc16f089-0a84-4372-b258-378924b79112

[ALLOWED][15:01:54 Europe/Madrid] Error detected when fetching tournament: tournamentInfo() -> 403

[CACHE - ALLOWED][15:06:41 Europe/Madrid] Called function staticData()
https://global.api.pvp.net/api/lol/static-data/euw/v1.2/versions?locale=en_US&api_key=RGAPI-dc16f089-0a84-4372-b258-378924b79112

[CACHE - ALLOWED][15:06:41 Europe/Madrid] Called function staticData()
https://global.api.pvp.net/api/lol/static-data/euw/v1.2/versions?locale=en_US&api_key=RGAPI-dc16f089-0a84-4372-b258-378924b79112

