[13:23:45 Europe/Madrid] Error detected when creating tournament: getProvider() -> 400


[13:24:10 Europe/Madrid] Error detected when creating tournament: getProvider() -> 400


[13:25:16 Europe/Madrid] Error detected when creating tournament: getProvider() -> 400


[13:50:49 Europe/Madrid] Error detected when creating tournament: getProvider() -> 400


[13:51:13 Europe/Madrid] Error detected when creating tournament: getProvider() -> 400


[13:52:00 Europe/Madrid] Error detected when creating tournament: getProvider() -> 400


[13:52:58 Europe/Madrid] Error detected when creating tournament: getProvider() -> 400


[13:53:22 Europe/Madrid] Error detected when creating tournament: postTournament() -> 400


[13:55:17 Europe/Madrid] Error detected when creating tournament: getProvider() -> 400


[13:55:26 Europe/Madrid] Error detected when creating tournament: getProvider() -> 400


[13:55:50 Europe/Madrid] Error detected when creating tournament: getProvider() -> 400


[13:55:59 Europe/Madrid] Error detected when creating tournament: getProvider() -> 400


[13:56:13 Europe/Madrid] Error detected when creating tournament: getTournamentCode() -> 400


[14:24:24 Europe/Madrid] Error detected when creating tournament: getTournamentCode() -> 400


[14:45:47 Europe/Madrid] Error detected when creating tournament: getProvider() -> 0


[14:46:19 Europe/Madrid] Error detected when creating tournament: postTournament() -> 0


[14:49:20 Europe/Madrid] Error detected when creating tournament: lobbyEvents() -> 403


[14:50:08 Europe/Madrid] Error detected when creating tournament: lobbyEvents() -> 403


[14:56:08 Europe/Madrid] Error detected when creating tournament: lobbyEvents() -> 403


[14:57:56 Europe/Madrid] Error detected when fetching tournament: lobbyEvents() -> 403


[14:58:52 Europe/Madrid] Error detected when fetching tournament: lobbyEvents() -> 403


[14:59:07 Europe/Madrid] Error detected when fetching tournament: tournamentInfo() -> 403


[14:59:26 Europe/Madrid] Error detected when fetching tournament: tournamentInfo() -> 403


[15:00:47 Europe/Madrid] Error detected when fetching tournament: tournamentInfo() -> 403


[15:01:07 Europe/Madrid] Error detected when fetching tournament: tournamentInfo() -> 403


[15:01:54 Europe/Madrid] Error detected when fetching tournament: tournamentInfo() -> 403


